\BOOKMARK [-1][-]{chapter*.4}{\376\377\000P\000a\000r\000t\000\040\000I}{}% 1
\BOOKMARK [0][-]{chapter.1}{\376\377\000C\000h\000a\000p\000t\000e\000r\000\040\0001\000\040\040\023\000\040\000A\000n\000\040\000o\000v\000e\000r\000v\000i\000e\000w\000\040\000o\000f\000\040\000t\000h\000i\000s\000\040\000w\000o\000r\000k}{chapter*.4}% 2
\BOOKMARK [1][-]{section.1.1}{\376\377\000O\000f\000\040\000t\000h\000i\000s\000\040\000w\000o\000r\000k\000.\000.\000.}{chapter.1}% 3
\BOOKMARK [1][-]{section.1.2}{\376\377\000T\000h\000e\000\040\000b\000a\000c\000k\000g\000r\000o\000u\000n\000d}{chapter.1}% 4
\BOOKMARK [1][-]{section.1.3}{\376\377\000G\000e\000n\000e\000r\000a\000l\000\040\000f\000o\000c\000u\000s}{chapter.1}% 5
\BOOKMARK [1][-]{section.1.4}{\376\377\000R\000e\000s\000e\000a\000r\000c\000h\000\040\000Q\000u\000e\000s\000t\000i\000o\000n\000s\000\040\000P\000u\000r\000s\000u\000e\000d}{chapter.1}% 6
\BOOKMARK [0][-]{chapter.2}{\376\377\000C\000h\000a\000p\000t\000e\000r\000\040\0002\000\040\040\023\000\040\000D\000a\000t\000a\000\040\000a\000n\000d\000\040\000m\000e\000t\000h\000o\000d\000\040\000a\000p\000p\000l\000i\000e\000d\000\040\000t\000o\000\040\000i\000t}{chapter*.4}% 7
\BOOKMARK [1][-]{section.2.1}{\376\377\000M\000e\000t\000h\000o\000d\000s\000\040\000f\000i\000r\000s\000t\000\040\000s\000e\000c\000t\000i\000o\000n\000\040\000o\000f\000\040\000t\000h\000e\000\040\000s\000e\000c\000o\000n\000d\000\040\000c\000h\000a\000p\000t\000e\000r}{chapter.2}% 8
\BOOKMARK [1][-]{section.2.2}{\376\377\000T\000h\000e\000\040\000D\000a\000t\000a\000\040\000R\000e\000s\000e\000a\000r\000c\000h\000e\000d}{chapter.2}% 9
\BOOKMARK [1][-]{section.2.3}{\376\377\000M\000e\000t\000h\000o\000d\000s\000\040\000a\000p\000p\000l\000i\000e\000d}{chapter.2}% 10
\BOOKMARK [0][-]{chapter.3}{\376\377\000C\000h\000a\000p\000t\000e\000r\000\040\0003\000\040\040\023\000\040\000A\000\040\000s\000m\000a\000l\000l\000\040\000s\000u\000r\000v\000e\000y\000\040\000o\000f\000\040\000t\000h\000e\000\040\000l\000i\000t\000e\000r\000a\000t\000u\000r\000e}{chapter*.4}% 11
\BOOKMARK [1][-]{section.3.1}{\376\377\000L\000i\000t\000e\000r\000a\000t\000u\000r\000e\000\040\000f\000i\000r\000s\000t\000\040\000s\000e\000c\000t\000i\000o\000n}{chapter.3}% 12
\BOOKMARK [1][-]{section.3.2}{\376\377\000T\000h\000e\000\040\000m\000e\000a\000n\000i\000n\000g\000\040\000o\000f\000\040\000m\000e\000a\000n\000i\000n\000g\000\040\000f\000o\000r\000.\000.\000.}{chapter.3}% 13
\BOOKMARK [1][-]{section.3.3}{\376\377\000H\000u\000m\000a\000n\000s}{chapter.3}% 14
\BOOKMARK [1][-]{section.3.4}{\376\377\000C\000o\000m\000p\000u\000t\000e\000r\000s}{chapter.3}% 15
\BOOKMARK [1][-]{section.3.5}{\376\377\000M\000e\000a\000n\000i\000n\000g\000\040\000f\000r\000o\000m\000\040\000a\000\040\000c\000o\000m\000p\000u\000t\000e\000r\000\040\000p\000e\000r\000s\000p\000e\000c\000t\000i\000v\000e\000\040\000a\000k\000a\000.\000\040\000c\000o\000m\000p\000u\000t\000a\000t\000i\000o\000n\000a\000l\000\040\000l\000i\000n\000g\000u\000i\000s\000t\000i\000c\000s}{chapter.3}% 16
\BOOKMARK [0][-]{chapter.4}{\376\377\000C\000h\000a\000p\000t\000e\000r\000\040\0004\000\040\040\023\000\040\000R\000e\000s\000u\000l\000t\000s\000\040\000a\000t\000t\000a\000i\000n\000e\000d}{chapter*.4}% 17
\BOOKMARK [1][-]{section.4.1}{\376\377\000R\000e\000s\000u\000l\000t\000s\000\040\000d\000i\000s\000p\000l\000a\000y\000e\000d\000:\000\040\000T\000o\000\040\000b\000e\000\040\000f\000i\000l\000l\000e\000d\000\040\000a\000f\000t\000e\000r}{chapter.4}% 18
\BOOKMARK [1][-]{section.4.2}{\376\377\000R\000e\000s\000u\000l\000t\000s\000\040\000o\000b\000t\000a\000i\000n\000e\000d}{chapter.4}% 19
\BOOKMARK [1][-]{section.4.3}{\376\377\000R\000e\000s\000u\000l\000t\000s\000n\000'\000t}{chapter.4}% 20
\BOOKMARK [1][-]{section.4.4}{\376\377\000S\000u\000r\000p\000r\000i\000s\000e\000s}{chapter.4}% 21
\BOOKMARK [0][-]{chapter.5}{\376\377\000C\000h\000a\000p\000t\000e\000r\000\040\0005\000\040\040\023\000\040\000T\000h\000e\000\040\000p\000o\000s\000s\000i\000b\000l\000e\000\040\000m\000e\000a\000n\000i\000n\000g\000\040\000o\000f\000\040\000t\000h\000i\000s\000\040\000w\000o\000r\000k}{chapter*.4}% 22
\BOOKMARK [1][-]{section.5.1}{\376\377\000D\000i\000s\000c\000u\000s\000s\000i\000o\000n\000\040\000f\000i\000r\000s\000t\000\040\000s\000e\000c\000t\000i\000o\000n}{chapter.5}% 23
\BOOKMARK [1][-]{section.5.2}{\376\377\000F\000i\000r\000s\000t\000\040\000r\000e\000s\000u\000l\000t\000s\000.\000.\000\040\000W\000h\000a\000t\000\040\000c\000a\000n\000\040\000t\000h\000e\000y\000\040\000m\000e\000a\000n\000?}{chapter.5}% 24
\BOOKMARK [1][-]{section.5.3}{\376\377\000A\000r\000e\000\040\000t\000h\000e\000y\000\040\000a\000n\000s\000w\000e\000r\000s\000\040\000t\000o\000\040\000R\000Q\000s\000?}{chapter.5}% 25
\BOOKMARK [1][-]{section.5.4}{\376\377\000P\000o\000s\000s\000i\000b\000l\000e\000\040\000i\000m\000p\000l\000i\000c\000a\000t\000i\000o\000n\000\040\000o\000f\000\040\000t\000h\000i\000s\000\040\000w\000o\000r\000k\000\040\000f\000o\000r\000\040\000t\000h\000e\000\040\000N\000L\000P\000\040\000c\000o\000m\000m\000u\000n\000i\000t\000y}{chapter.5}% 26
\BOOKMARK [1][-]{section.5.5}{\376\377\000W\000e\000\040\000a\000l\000l\000\040\000h\000a\000v\000e\000\040\000l\000i\000m\000i\000t\000a\000t\000i\000o\000n\000s\000.\000.\000\040\000W\000h\000e\000r\000e\000\040\000t\000h\000i\000s\000\040\000w\000o\000r\000k\000\040\000s\000h\000o\000w\000s\000\040\000t\000h\000e\000m}{chapter.5}% 27
\BOOKMARK [0][-]{chapter.6}{\376\377\000C\000h\000a\000p\000t\000e\000r\000\040\0006\000\040\040\023\000\040\000I\000n\000\040\000c\000l\000o\000s\000i\000n\000g}{chapter*.4}% 28
\BOOKMARK [1][-]{section.6.1}{\376\377\000C\000o\000n\000c\000l\000u\000s\000i\000o\000n\000s\000\040\000f\000i\000r\000s\000t\000\040\000s\000e\000c\000t\000i\000o\000n}{chapter.6}% 29
\BOOKMARK [1][-]{section.6.2}{\376\377\000A\000l\000l\000\040\000i\000n\000\040\000a\000l\000l\000\040\000w\000h\000e\000r\000e\000\040\000a\000r\000e\000\040\000w\000e\000\040\000n\000o\000w}{chapter.6}% 30
\BOOKMARK [0][-]{section.6.2}{\376\377\000R\000e\000f\000e\000r\000e\000n\000c\000e\000s}{chapter*.4}% 31
